679471
206302
576018
399398
928676
289879
151375
681315
465150
501868
590325
270438
479084
74123
531796
599249
173268
1029046
975723
385279
488056
996574
779699
120650
396639
321097
1035561
534599
225484
671863
842588
157269
785755
133213
276448
786645
854461
932199
573942
128635
270185
1030646
826524
878592
828931
930472
478068
868929
204184
116219
356551
481232
30870
233461
3067
907560
506671
540445
524400
406945
252019
997382
430366
76934
753078
73401
1045128
514973
543431
417053
384257
849371
928196
424886
641505
302115
120865
140765
415827
927902
782989
375040
736333
276951
711678
252254
686477
64140
436538
956853
305217
617611
832652
653305
735335
694856
334510
828614
397348
844307
13916
872520
832957
484646
346538
634264
861172
1020427
1031005
271671
4023
631275
943594
883534
34736
586037
88142
1047426
584697
130633
603106
259588
161362
978682
591523
64604
83005
839269
116216
195942
936929
1034908
359376
311851
136982
437868
751409
286395
661525
709042
506185
49057
511537
1043646
769121
569774
1007867
573375
1002668
554480
225486
773638
933893
311083
808847
758797
126488
334646
1026458
371523
637241
35743
972850
891916
287819
49408
841729
100847
50855
497618
500472
264945
809943
168714
409272
133954
274784
2179
889482
967921
428180
665138
731252
259773
779985
312046
725774
1029643
651627
937002
919009
333708
484278
271999
540361
139467
739338
151904
231639
430254
1022639
472316
1035876
81084
820403
351102
453719
297552
275107
944363
292890
1005851
20741
270402
493254
629827
273489
181036
61949
219956
907008
758101
863996
328129
12254
949570
857785
371944
431187
864057
145119
307275
861680
243519
198969
18920
96727
650983
867104
1000864
970911
768083
369780
883629
855073
20657
760441
480126
553084
279642
800365
833191
485554
526260
673621
343061
325437
165128
579943
987198
63193
352658
754006
33300
261276
611729
3440
987859
20165
1009266
708302
53342
701483
528178
53269
64113
847101
849870
749559
145677
1022900
465870
840075
79898
27668
431394
617685
1021634
382689
269068
340486
482655
626133
835818
75561
677884
252695
2353
644924
163777
644371
534426
919230
136308
175262
110119
970004
839845
412206
646300
273467
78452
390030
1004263
931888
589197
94663
620582
969876
525656
408630
488541
1043300
552665
473548
321712
159517
478968
169099
927172
683823
813260
1036777
464022
956117
478641
636444
100771
472847
325333
896853
99744
333889
904657
708141
231873
47987
931197
350062
91819
759977
133202
99805
885367
404030
184330
783383
150642
592468
589319
122292
744704
994698
984954
992756
916548
35545
209821
955653
551857
463524
783623
807467
1020146
711339
443659
641609
197108
292875
480808
898438
144950
639889
463170
470317
487552
530788
15656
666461
877983
760653
821319
558228
8135
533940
470158
167391
345259
45915
66649
441538
575587
741948
815466
902309
615149
470598
966864
406420
547630
832103
622800
821292
39881
1043359
44617
561574
200544
551336
971178
158802
952672
648273
790413
34183
211972
969628
972238
914582
554071
776768
521835
8004
448569
675022
159259
298441
263976
691963
634942
282181
187435
54321
174363
993007
578004
400993
868349
13417
638962
600874
386597
199521
5535
919849
104557
468271
717334
718728
612851
930257
37
550000
939087
238915
730665
148499
787899
177099
726136
434210
441751
409832
986835
953742
210146
182558
388639
1012962
69576
66498
1401
503852
36878
50469
859619
320994
401978
583909
686135
563110
37578
95551
25513
115909
1023417
220991
732586
981005
98753
1001857
94639
590886
578660
691065
1003878
732627
151062
984596
610234
401365
96963
758881
818303
692217
852372
14641
271033
893901
716729
232042
658474
1042560
811486
949417
533694
388075
578391
934466
165997
977742
145502
1006007
604254
166196
861029
756057
325192
1004896
404026
836119
479013
783156
574434
975761
944013
733900
1003389
961178
544294
172856
582103
355551
488235
149891
512024
458045
98231
461286
867289
487826
446804
361559
170233
780337
394908
589462
144332
399746
1017071
710697
320851
934754
409647
134655
654742
919578
385969
328928
992985
1014784
48794
86476
329468
460071
605507
226237
7078
423826
853754
230049
835533
284794
1003031
658091
104601
732837
162670
988122
208233
613214
58664
151402
988326
493645
321444
969360
386592
252403
824381
767561
972418
833436
1046637
680028
854485
984220
426795
289114
171969
901783
24546
386059
614858
94791
662398
416361
545540
254953
630087
995407
830142
448571
40184
599878
736973
205787
770077
830481
515983
210913
891736
1042221
32371
792949
868568
425995
561267
886995
563535
394948
569973
384689
354910
227142
97689
31163
371943
987014
215544
914586
864571
52839
533734
178968
99276
23548
515451
195164
534058
160943
440433
759443
600653
265358
7343
1038298
887334
224347
285429
215535
671946
214370
1035167
788430
924472
111279
1007746
687963
582193
729927
1047265
309029
99115
55808
997809
212940
639055
355995
1042908
866250
725061
28909
54486
565110
20179
445800
936181
711542
601276
404703
622558
917823
1048266
535009
814828
383179
461221
684031
123000
589824
705809
391389
449081
544866
830371
371429
720861
139733
365776
484700
157337
138770
746050
231421
185547
729702
697085
569956
368499
928310
928784
85716
1033082
395123
379515
921782
59948
136057
323618
12305
913555
176261
265882
250705
845243
289124
53993
847556
481967
181921
654365
113499
480815
768771
851670
653605
103097
643936
1016703
483443
998932
622931
1003894
418530
53317
538712
462076
89092
646491
116227
458070
660140
886998
471486
486028
132442
485696
279311
263351
155924
789666
758249
849167
276772
942883
116855
330892
387078
314163
927541
499093
511688
175570
226270
751159
382142
804698
76709
669960
688037
590424
909032
370829
991444
659106
745183
962929
407164
847422
828620
543524
137597
525425
970569
208442
267040
12563
734266
710510
612443
454074
474246
324479
584139
428423
184817
814225
637892
343103
14666
68767
1048455
710519
1032642
752953
434458
140413
391739
864153
581111
763708
828911
149321
566960
799463
168620
915012
758987
542435
266931
924856
124363
667616
57719
202701
59262
72302
622193
473027
134189
482219
823381
794476
102674
436292
123310
1046374
212609
533138
1019792
499820
628744
928197
808440
479738
346712
467806
607359
55420
835064
343375
867165
553932
490275
317929
1024171
897905
725405
287301
935016
167584
1022230
167012
866729
4815
879553
23905
308718
616586
942265
856448
407163
593007
898777
823034
320495
141270
390363
799161
55739
356993
462012
443469
896840
646418
760292
843538
317254
443130
471579
619755
468722
270696
856225
935757
511252
647635
758110
749461
655244
781894
697264
598076
767234
202091
548782
89265
877944
919144
745944
4240
914530
892836
726645
980002
781240
997318
366659
594699
223200
23763
991080
39506
485554
891406
114748
779089
1030488
239150
793591
164499
43811
327595
841057
168292
410058
160253
868247
256662
436678
650362
177994
587508
65237
298872
183650
464686
467256
503200
634463
266406
100149
1023119
583246
842272
987936
390262
236964
12189
705017
664483
415623
402133
889795
70772
1048105
83457
564557
436048
825467
944173
47894
201707
1004739
51943
1610
903371
788757
34907
170271
156597
642872
330308
252941
902579
974556
577275
706157
676749
468612
492546
484393
361405
1040330
483281
33148
49810
427128
271641
691211
322057
276104
122505
429776
115746
971253
729136
551386
794170
751153
583959
572931
615601
259160
614930
969845
122897
256906
282170
490568
327019
576228
731775
92723
238027
21982
294117
20261
730950
743055
512171
360874
22581
608388
574118
484140
851778
195498
1042634
42126
402901
135901
179210
214325
563079
904305
133526
799974
1022652
46159
362109
938659
200554
185630
355630
819955
254855
732881
500950
145663
671249
136561
939852
359668
229929
377505
453791
514917
891164
712023
671823
398619
584641
548603
524849
652054
613738
558174
646698
874614
285946
495856
191889
706769
527006
805148
434278
816104
816967
1020955
694765
844145
909530
668430
287592
862165
574084
642610
493430
361450
802974
648336
128902
11036
607860
682049
952997
378055
516169
731712
676565
973190
148842
521549
16683
395349
238420
484234
188837
221739
356378
5293
13035
267942
892196
856884
638521
51256
11337
469390
426892
848706
288487
15417
257706
710643
102045
140006
943576
58083
85306
96757
112282
661810
343506
1022160
392131
288573
540656
841060
602877
110643
512865
555442
496950
794613
992319
43024
844345
605258
985794
874702
688942
496187
173625
60731
131457
280862
408336
845341
297434
844026
412654
775345
261567
871903
1418
99853
716602
814051
950150
762946
528672
509978
681788
194678
612821
839337
680081
578307
296875
629218
501309
71763
743777
686450
771887
431912
989709
216424
997040
578084
972458
496041
8958
356911
731666
98723
533092
380058
728940
114595
926077
156499
859178
614866
836393
121928
810903
853184
73005
968101
653756
699516
695988
377613
46231
376629
511290
781650
197798
568815
963826
966464
195339
1044845
249259
354949
122904
257111
960142
48666
98031
121413
57426
152127
310874
206736
332730
1031088
886960
874629
898405
398558
138898
162859
668519
415020
402970
4178
74750
337876
244828
252612
126332
302678
898514
357639
3771
318310
754598
936759
573314
654318
449361
872636
582955
387434
528027
971433
800608
155668
377048
605794
141500
184007
998534
1013653
590847
60900
234581
1047642
362335
709961
652390
136862
26550
812976
109552
515256
91258
181256
108324
230729
241243
428886
878446
775108
23408
932653
604931
911603
463443
678864
821046
229772
316830
15753
814049
284012
212998
676316
846654
728228
702109
467356
366245
549508
77877
607244
913199
163639
624908
344627
1032194
443165
315858
552312
472055
1026951
199895
685222
791719
229014
120783
428766
464367
372822
907400
189344
770743
562251
749162
712965
300711
992287
394274
713051
496779
415519
435078
918970
194266
733920
481762
148789
439882
10677
805378
318455
891360
426643
482487
879753
300208
163975
621050
581932
306843
363522
162629
102981
63989
500334
33907
1009594
866294
848063
833494
891301
644107
782556
422170
317057
327387
1027847
697711
743771
554213
336391
519871
196576
526688
190618
272280
785036
421775
249840
135806
60773
620144
868841
917671
327949
350923
791361
17201
442524
1013342
276632
419948
1000022
565215
439121
392044
476733
453761
717501
724629
1019538
661320
543989
844447
962485
567819
813182
769577
374135
606546
531883
799194
780990
624897
277606
161807
785763
664386
531670
488350
1040338
551245
997791
1038185
495202
564048
184105
771733
795469
98922
955852
147606
941476
493122
819205
521717
529061
348595
1035727
486848
516852
851016
613150
938348
370655
881730
781365
137967
965988
848227
22799
385244
793221
548488
611964
192712
194313
590996
690287
75136
811165
799719
644498
844606
997754
935685
324250
523856
73547
567406
681440
216638
645658
508343
328650
126687
289719
835460
445924
190330
449803
621072
382148
537784
476571
22572
846876
5719
737469
913237
952360
342525
567714
988923
567351
702959
358233
194475
899123
239247
1022835
832230
203152
748833
662900
783126
246208
392741
547253
661880
563651
873165
560070
631962
55245
826714
828392
194782
837204
742132
259205
801852
562972
824615
423544
648659
665649
904611
335771
336678
696749
383530
16276
784570
33332
346496
775409
690829
1031666
910918
800683
910055
278374
63048
176500
396737
797031
169465
822310
253297
210232
720273
346427
11678
36457
460921
471425
1025483
598088
399292
122408
467959
787752
988075
299300
325726
758729
780479
522005
665184
932553
173905
568624
844972
956012
90926
166595
40795
161989
1027582
982057
507391
8473
993633
124327
346056
394392
522541
349712
418003
799744
933680
467069
691558
789050
663051
823868
739519
566664
5545
389856
760183
35658
722944
563886
2867
401047
383615
469621
893494
618936
360619
807255
874840
391883
869900
535853
557359
952840
424586
871873
405293
891408
287015
1043114
269415
851792
358257
372343
137447
490621
848493
943694
480909
788737
140299
512471
289097
271126
866825
562173
663167
117989
392054
747986
649148
999109
1021821
1037617
848774
570215
873175
82999
50622
557634
690701
910996
301677
43108
645376
1002879
1010948
27757
248972
589516
602370
346320
86353
441895
450715
782909
410979
562360
946921
844486
43398
294244
420199
557028
432202
967583
712039
916696
808964
451752
573864
693435
564667
656407
493180
906519
86019
756343
350869
988430
1006667
959139
341241
879269
423005
1014264
344081
780213
252022
217496
404663
685566
662723
400895
990140
312797
826020
466598
427159
457927
956185
30145
473601
294494
781448
915386
967774
1033583
858807
816099
941160
802036
974522
574120
371879
557211
921118
799775
972489
455934
180304
402066
335987
494755
96336
118803
640324
343716
408560
323388
256434
146017
350117
402131
921854
852205
334164
114372
566047
266635
26075
1031723
783390
598677
723981
106694
564083
37502
567459
594679
809610
137762
218393
362898
790868
154823
146446
376829
270491
934307
540850
406498
170778
656236
274526
22843
846938
726808
229763
969471
264553
753807
662148
585619
628171
362945
454813
99658
18859
556954
204753
242204
501133
48062
668980
1031714
687165
825971
33789
141692
55871
618135
9165
222168
828122
271061
657414
939621
275214
700391
257070
440119
253737
323316
1770
497566
880349
609964
770081
259246
598942
709385
3636
604487
51230
701635
324178
652064
178216
353165
1030179
816684
989407
275722
1033124
237134
229317
856844
509746
899695
505000
227572
763492
456228
968001
504695
322051
249646
843895
383622
862188
932377
586700
365003
667375
610194
619240
944967
787130
579371
668546
683067
868870
417938
789560
966475
869872
419308
134635
426475
393405
93982
193352
754384
794904
541454
975368
783884
308111
614952
867094
677610
903685
197064
748547
741648
303897
72494
218578
924630
316056
720140
354801
733399
774354
198860
158296
23914
202213
334473
841693
688199
812012
886586
135377
888200
39726
757753
291819
501609
348365
167610
39485
698529
258846
1015105
495627
497
271741
575376
208243
872572
492930
44511
911924
657638
683769
438128
502349
194655
540188
938133
517576
500293
242225
1011715
972118
603044
214199
819400
958125
369702
941643
555243
282851
977999
982097
500013
618994
347741
717974
797058
585712
767337
871670
573999
342241
698066
1043118
170927
19354
1022656
352685
524596
24461
169176
412335
781628
183371
302989
741020
122959
919546
148775
822915
443010
44975
637574
599265
586015
277594
659485
568583
163180
661532
727596
946207
168022
861400
406496
270127
553564
277548
32283
852173
397920
214990
194383
18574
423347
664314
504517
251017
215934
707524
763850
459192
348316
914587
539383
339118
200923
927268
834264
240326
757292
541599
481012
543188
913505
707296
525219
833112
821876
594017
887465
452979
122282
528205
60626
895845
258302
593337
180197
226372
369148
550815
223620
532458
518458
764965
110281
113073
567016
494796
28022
949145
152646
524199
48059
658425
667000
218160
499166
30774
811395
278142
347237
1033426
569325
415524
895858
222660
1026791
711545
931010
432323
920582
516025
968255
622039
761987
576018
479550
551118
759126
490441
891790
503384
173742
15373
120028
386918
447420
673765
27298
454715
878803
561608
237021
523789
996401
760738
412030
519870
327692
364152
91250
369268
514589
157744
721184
778119
669012
370456
161562
410053
255979
924904
12903
954252
950857
188196
179818
904811
607342
475134
51616
694071
234000
1014351
937492
710195
636854
696684
189678
292372
849255
549238
848450
409644
243119
872062
448684
269796
827204
988829
565443
137431
398036
649932
317222
103671
500496
489402
68621
881326
322660
808428
725329
667508
805040
306210
239863
1037164
97390
160280
413008
419199
909168
29086
256975
1032995
709764
980675
783244
730238
174959
245478
239164
320579
699826
677632
998365
591841
270177
780602
509370
82536
116325
454391
943746
419634
959892
500609
400277
479800
391420
308737
575938
944127
962417
891958
452898
666841
491338
963484
3055
107359
169253
225479
467303
533929
178679
360624
988223
294804
534729
975567
609095
255912
359227
668856
835794
557473
938220
313199
831017
495570
754529
269
340798
513986
832439
1012406
287069
942585
394239
492603
249751
905053
121327
435752
260375
3531
244716
973170
279233
952853
340362
632684
864022
584352
905657
951694
292140
631175
222347
862001
476107
39813
453288
540735
65507
15995
862877
702787
9640
256103
74536
317737
228029
311430
1021255
251445
926117
240404
412769
300045
475697
298726
1032543
253628
245636
822965
892601
14521
891083
744857
257685
484921
855279
32352
807095
369759
735451
596129
879626
916949
885039
696842
572248
840570
445895
667273
659266
378950
9800
848547
553431
270451
365048
549495
211770
353376
196146
494153
587395
69241
770212
936401
751391
112583
427436
236835
1046276
668360
974247
217119
178152
957624
569897
547818
680612
514230
650175
238043
164603
459409
346126
811002
347298
58526
948185
159425
813665
413811
18614
942480
301330
303391
870229
497035
496247
580693
503691
21377
676785
2533
1047550
316246
400706
842559
1006905
781835
669339
242022
567535
873456
1047073
992072
648940
147696
3987
454037
383083
612359
605298
28544
7456
974379
296398
585036
232364
1032942
207849
535973
8445
463382
726880
703834
240066
889712
707690
307751
679311
806897
503009
158308
38441
198106
440329
602513
546416
1005191
444737
256984
58639
768734
227433
265959
113209
840351
328963
576789
358569
168762
68940
128753
1025785
691612
733137
285178
501651
242764
203583
397464
101070
741106
977798
995633
385525
1003202
172309
36909
827231
1031012
77970
167251
654441
158177
482518
588990
953274
344013
263888
765016
494774
109318
543580
838160
837556
104634
423730
824859
636637
191817
677200
136759
500585
562670
872869
1037917
808404
56671
507820
68493
443783
198331
484876
534675
721687
443252
222909
349652
365004
15088
78808
452579
304180
530499
583053
700864
982316
621310
313364
899360
328544
395595
897698
752605
798157
25616
653391
260618
949974
673218
938830
586724
646455
841430
535955
264325
434651
907775
936587
880621
141373
1022535
485347
576028
996406
41659
811337
522462
672247
472542
1033389
405205
863741
413829
183503
261966
671976
947448
631238
63508
516775
779928
471517
557795
583853
67440
961928
53508
1025081
1047189
754775
56265
619916
180289
812995
489322
979044
606141
571966
743302
15807
279513
270631
48280
335489
172273
1017848
541364
83736
486442
591974
93311
309375
200333
297903
512423
360375
176932
274318
1000770
256632
990402
1014619
429596
1022441
1019030
684389
439664
121227
431576
710845
24385
999247
546797
845303
591225
169953
795562
925001
831560
514230
470857
948074
284605
756413
449013
632161
94309
34580
518691
739669
410425
809012
752632
540477
1005376
88705
235074
588034
813670
830739
1041641
556298
80431
820937
840866
436160
870423
272171
887138
713229
461695
837226
450803
734604
286423
837546
628234
925287
457450
651366
1021294
61281
111614
731404
61880
70865
399341
913471
444843
209461
621437
258106
175436
327272
408874
165314
271989
78163
53091
449787
221387
972452
201130
706018
130121
295445
1023470
599257
132603
33392
129297
414625
699658
123317
154783
1021556
1032265
936369
967098
997815
1035137
336130
246604
504983
6313
1008900
118682
171246
216626
957771
256517
562178
725695
145608
919554
690210
474225
420113
270130
682612
818551
521755
959698
835975
213698
101494
728337
397635
859847
758600
616548
481481
976783
969847
621121
688883
591199
15851
304696
92143
607472
10563
1017419
14840
665405
584950
140533
605532
493581
227593
97517
189515
124191
350594
722675
39467
272923
383143
443046
433362
121975
254676
677631
454602
666310
252562
773755
514720
624633
136440
458496
706448
77913
862239
418342
716906
85322
88472
76722
551177
863172
1043624
547171
1021657
93079
570250
150624
1107
35080
654744
727417
873362
274849
742383
914818
560735
121397
11009
538163
196714
704729
11086
807074
424722
277225
957903
569631
806727
12438
906044
796817
529041
11907
2570
359676
622283
105192
829789
127592
598245
671445
770967
531793
260999
202527
858804
906286
643483
793673
684821
315366
535577
581882
893043
370730
893426
415431
616302
953752
964426
1022695
52534
264369
165229
202794
180604
156427
375173
164164
512069
706447
520108
171515
122827
256657
70039
971743
226260
16025
487150
697200
676083
832476
771157
666939
1007341
615650
285709
1016843
1018367
449081
126463
987737
916693
83841
335917
271166
732394
959354
614477
407686
769209
587125
435362
124697
504998
1044387
780003
298021
473436
390449
635849
595046
583047
809325
120714
731957
52698
1037271
1016037
693888
627095
789532
848739
868480
203177
401624
939955
787331
971617
799277
145193
188600
770762
734138
263016
280806
579049
682156
607040
910359
181410
935750
560352
620611
924647
701353
478861
976127
132789
699212
382054
518923
483125
703121
460211
827740
144071
908838
271495
317804
498438
516065
486077
829287
430778
377015
407213
666964
703283
313102
242878
173269
938804
528864
935626
787762
644999
322648
628782
1033438
151987
302848
904825
848561
3880
308984
730277
408417
806752
682243
846977
197849
833359
928967
414545
554029
850410
819800
319080
456809
601346
556662
618742
853545
137232
726668
373554
853310
916787
141314
573668
630892
878156
421291
834470
278004
594847
247261
846857
452144
1041344
358313
529522
780852
1009209
447779
59978
691950
204623
161846
522806
794810
314480
605937
666060
868078
936746
957511
511921
801145
648985
709069
922055
173232
504411
19936
466771
152224
172535
1040443
96466
283559
35012
156720
1043825
908693
752353
355197
891614
704489
804442
801574
616174
750412
37109
246661
513180
976757
145479
804260
441078
648121
669112
156955
382286
860140
586520
730246
802176
686318
904911
176473
606400
877640
737568
711775
117141
67092
568973
63545
186233
762919
693986
506558
875551
637655
886201
468518
492335
961751
926538
738635
884389
255448
316479
576808
140314
557811
778479
89575
965608
133414
593451
530102
692393
557850
1018751
618641
562647
25026
655096
19081
903543
88790
55587
946156
323712
557881
1013038
231913
380155
652887
332832
145596
190992
840393
143611
925369
694230
25506
376879
918888
333415
837071
100999
697230
638624
665942
227535
1046030
940725
868702
434991
937427
421434
99405
809767
783759
745405
599360
103694
887897
530709
46203
274671
622295
757400
973716
851569
678227
377741
793805
75341
659164
460726
143549
484392
728841
905134
174427
152242
452024
605994
122591
844814
905021
280041
182292
618102
4951
241082
176803
689845
3489
126562
114991
847827
412312
1003548
1033586
259709
759526
285853
141802
413237
503461
349366
564135
451118
544462
969783
888079
350084
555475
573008
114592
302509
442207
628281
779604
427541
870802
566399
952310
847948
366704
427180
712833
763939
289312
340072
530514
789199
1091
841990
638241
257625
480811
792800
277402
49511
862283
742535
666476
47466
659080
995741
363451
19893
305003
987227
202024
257196
501295
280439
916962
515555
38592
89010
659967
94968
292417
983085
972500
427540
373494
441828
298868
862966
62828
37048
909700
4971
751878
783968
75930
575637
557268
112873
948348
559553
560095
51379
712847
814285
494261
884116
400627
336301
280563
604129
990702
921256
648767
564400
518603
601601
777138
68748
846551
869309
350062
841490
784615
356934
950455
293733
191341
783860
868852
1020820
106941
736246
402383
1037578
386645
45340
583260
313673
334946
841139
555757
72946
315562
737273
772341
894475
85616
905989
973091
731303
997691
620340
921112
159853
911424
44211
845344
863632
149783
776767
11374
977150
10183
314009
358663
390926
39427
1027825
773042
509919
506721
518849
75837
789452
669096
300769
310922
428427
349305
671230
35664
139218
756586
978610
746227
735886
59279
39573
560729
247512
1032700
874208
18991
236619
234336
539594
475998
509895
707373
858876
1033429
834993
339065
92141
911460
683550
1046076
319875
613850
528494
51821
564698
904473
813335
61871
789700
273060
306789
402854
117596
887272
137171
438994
387804
574856
43047
950410
651554
980066
198390
709775
564433
337500
307861
527419
523083
1000014
204116
957551
560843
579114
309893
34373
1010244
93290
153784
375461
595476
797280
101644
503070
505627
751747
682612
750539
676023
537635
359873
491028
509113
41557
787434
73368
745269
747460
28736
434183
949293
693446
675445
207983
699178
133723
947350
294903
36538
796107
447663
75485
1045845
953418
662779
498844
409480
387996
352877
804198
40204
677019
70120
758146
753183
315638
184517
1022560
647216
121621
237
666830
845473
660594
429601
147077
1033361
38236
689659
1000
1027204
173907
254658
806425
588904
499167
967823
612029
884242
938026
663303
665276
39556
830811
826349
367604
570867
570104
1010737
472382
3533
24593
869829
377292
781799
765382
943295
478710
352271
698821
226159
559061
1015411
600411
877319
324958
571013
896562
1017036
246941
443485
919097
238629
641166
157715
111951
218540
354247
744742
471116
288820
916270
95871
367209
252793
760001
323952
315525
295786
309781
95220
336224
479493
226191
279211
821015
1009343
207817
804643
19745
692227
725626
984934
854029
624878
519584
252148
158550
783649
725385
395757
209381
368113
924824
460783
702323
440858
791173
803336
958424
514547
474552
408280
358808
242843
353629
656881
79985
633503
669403
1027105
89834
622296
693842
513742
679413
901730
40041
440520
356243
158496
444339
75525
542039
1016553
6460
193835
815214
192498
255184
381083
995201
544149
1013994
621620
1994
301239
940804
691472
205307
939902
812321
717773
1033252
575662
351080
563345
305418
36660
453250
697699
268554
503435
96182
712436
415615
34743
92514
276531
67420
307608
513592
624516
852786
41993
44338
667108
436540
525952
946658
296939
774803
613848
883333
220026
698507
639241
160487
185181
685515
519671
492492
435219
220738
105066
308579
662106
784810
821688
25050
311823
848460
930935
236255
248057
610423
880369
778073
35036
406360
395704
415466
186959
400284
530144
97081
422064
551607
370735
26649
568427
804659
39554
863869
228640
201264
345257
458106
633114
948923
829019
498354
281596
916429
312938
117918
780429
329728
505807
854703
630898
783807
341925
572557
111139
737841
667902
499355
1006766
463051
57623
152630
232609
269565
654743
768475
99611
502578
295643
59042
345728
936102
46354
214184
748683
424872
75460
890489
850636
1017758
12657
83788
913370
242115
933276
907192
255670
514218
599138
298000
872719
463434
409489
137339
747304
551838
96923
372707
998103
1025533
940606
982318
564650
766640
160658
524579
950859
597263
915281
328741
762169
922879
424921
831563
239915
226918
419118
803350
694162
905646
118253
31690
416821
208188
1039270
36953
154565
894878
599005
1011357
212351
667515
287383
684035
168208
102082
308825
333439
747922
878044
941650
789389
70942
61839
22142
740464
760523
277559
329329
325391
370902
293325
873875
338258
723066
623822
866898
535261
227661
682742
534617
522192
685720
132930
1012113
229071
864894
456668
114851
768325
449117
708676
838273
1039074
517401
166280
989811
335893
174875
695053
99254
888598
609653
796866
573527
683199
537540
689728
355583
182170
249951
620133
748950
1024359
808324
881758
421899
352369
196246
125954
93803
301039
968297
268271
841051
975835
924955
806429
139453
314461
929779
674253
290798
91600
957792
58523
305447
301694
78899
973420
947186
674522
390725
800501
51542
785914
405340
16128
338719
747025
27366
138772
171169
780846
716032
491413
622091
1015119
660212
93955
49798
85758
860371
129184
485701
937747
848668
288150
453964
975353
201605
133817
501483
857233
607492
762211
474606
632491
841236
174063
86118
218184
24291
360517
1037142
897212
830980
595450
790198
835400
109178
754830
651980
327736
786832
49131
813796
225486
154441
933721
782643
687522
549786
391462
438562
54231
710640
851735
142632
465964
770667
862181
978029
802417
452348
778615
308523
598119
628437
782680
554046
545899
750820
885791
1004301
1048236
330656
399746
931549
286304
897333
163439
91621
802102
922399
907234
760974
238875
742053
815761
896783
537936
394467
32815
530276
17229
299753
781732
137843
67587
360201
111501
627181
178195
244400
467049
193740
894382
107580
490403
605884
438433
561341
939367
390626
641272
2437
124118
951034
735864
935296
220784
1022315
865722
849353
74666
409999
620118
575223
926776
766899
263998
632427
360054
471421
614056
727612
19607
696230
482117
522766
887400
345937
393205
787062
933091
529733
664875
88820
750736
271855
286403
61776
714324
19157
68405
171854
1026320
171433
429650
264610
777103
24883
496000
461505
590239
335112
893336
950193
338258
676637
774769
834604
417750
7077
1030786
711978
997789
1042752
412398
730164
247148
522163
147324
400857
508384
87079
89674
20759
847124
452823
371961
466523
105711
418690
655865
791508
527647
368375
849213
440894
725871
31861
741893
724470
567703
908119
868214
567297
862279
862799
299127
137767
1039002
988156
48368
398881
95941
399426
854074
255364
30887
541028
161730
737549
931048
385440
34893
972258
272729
288973
411452
383910
252483
318404
538508
838527
58646
859620
1039994
761215
793041
851607
333115
736268
318621
855215
868296
974769
911917
981762
99957
815864
582571
411815
404098
16108
300874
843168
614502
1044042
501163
342261
996754
184412
250743
21340
862798
790082
303728
166525
74998
750469
585570
505558
731230
750912
561027
41992
267230
147338
821924
253724
677083
199059
460108
953309
257168
321941
246543
106290
166740
1044280
535365
566419
652005
769367
301274
526370
339757
986207
504306
804786
791579
16049
611814
485466
967549
899094
793377
227377
375122
846581
628563
189531
21963
64122
183932
790267
371535
899438
270985
85555
102226
143867
7466
2527
157959
228069
936361
421114
315175
805292
30695
256644
262923
557878
28861
230186
728301
47640
383584
686539
243097
729682
726428
993330
85247
990293
195376
1001120
785877
226284
558947
61197
839494
1019392
48622
162756
930650
680893
997666
942204
363559
19011
670705
425663
799051
878346
473444
481387
133032
441090
1029792
47179
680892
872051
814732
395779
142853
831769
14819
103359
508305
37740
1026770
677655
497390
1005823
1046962
18902
1046797
745261
658176
531689
373300
466700
715537
79380
473077
520716
873240
271466
916189
101509
352975
338723
86290
265943
820379
113873
101341
145045
959086
575346
541233
381537
826867
593640
347705
689354
353884
422551
366343
975880
138468
17822
952741
472057
779928
351870
336080
257068
784727
771551
495897
290723
1008588
283565
1017929
1034050
101925
548060
1030579
505986
444111
215867
9400
901049
567318
638027
931791
1000113
972419
281169
671923
198296
584235
112954
778441
278812
156677
658569
524717
289927
916784
909557
9482
932662
883761
896122
765527
435839
1029211
262459
23970
65742
455545
842631
17134
72550
247019
786362
773853
945164
476157
514769
766799
986759
20252
385573
463441
370754
775004
701463
162443
462161
10843
158480
713938
976785
536781
230324
316289
937116
288279
334568
712997
495121
353149
710197
245136
376065
952617
63751
572468
324993
493929
709115
329056
1048294
445480
520186
717876
672357
408494
667415
873623
172422
3645
174238
538634
442216
723204
991210
171113
545706
411061
165202
390833
668622
798563
674812
270695
563477
950706
352436
260334
494472
669136
297521
858351
130538
1028016
302576
232678
83608
327055
982269
122290
370246
597583
406502
626354
538509
705036
1014217
1046966
996140
267641
966680
473606
697463
259012
391607
834462
665357
974789
28149
394123
602256
1041345
10363
605496
228391
396759
48223
843630
788654
9568
130107
415502
542958
850639
651415
88787
909194
543059
722537
337988
693243
325132
282216
353403
117100
646817
576136
88352
713073
507616
290972
856812
30276
17276
798118
884315
793016
6775
763469
548296
693067
928231
679237
853694
36770
164330
281520
597350
380928
864131
1022718
687323
563257
1004884
673062
40200
127431
192634
732333
895933
40690
741693
7846
503453
71780
250116
804244
247955
971177
267284
773616
659151
1022721
343710
492925
242282
967103
916731
508480
396421
235251
164595
294448
141511
195272
785348
1027600
795957
624600
1044535
11625
97677
367811
287676
410011
417560
789896
462948
1008879
471622
994009
494176
919616
235031
895985
447460
200330
673449
683021
125267
472220
1025086
22672
91949
185397
783735
21530
477590
703683
858998
782752
299065
996550
743159
162316
649334
668625
985124
819430
280176
416376
286003
201669
727903
951908
463027
970299
297318
825029
601148
488786
814470
12410
583071
642620
519720
639769
1010391
817289
326163
778855
563827
1023260
288478
142926
842555
271576
243824
109825
1025737
711934
569615
625803
624
333268
765122
721927
693880
204483
251703
172064
433141
124638
515913
439955
440564
227554
111600
17574
75142
776189
165671
903033
678229
673307
556579
724032
608167
333459
385411
394732
998090
468181
818857
330779
282519
80040
206454
83065
40741
503417
99085
34600
123021
494407
197312
951891
844916
651069
289505
309604
646346
109908
395507
18234
231669
163168
1000100
594697
170371
476987
93946
500557
1027747
38814
103664
679630
836102
38965
513440
97149
1004513
261402
806117
235837
698910
988712
107887
171610
61447
564549
1004415
547424
128782
992866
214931
255459
365716
330609
79127
254661
461371
147985
498058
629439
95089
46057
393433
495714
40901
1031829
134426
396738
482477
701466
371541
903106
510424
390008
886763
465837
17532
77895
848753
312895
200931
170009
1036807
481402
926941
571707
56876
31554
830150
442131
481015
426309
248292
617671
587497
176781
279170
306773
349094
452265
150647
398367
161168
1009888
767764
386392
978144
484687
700910
308025
960065
975152
357240
462799
579244
61351
167822
1008490
758722
281534
192580
446415
999669
384480
159853
847352
746663
998631
327462
766942
610043
4591
243591
833764
163814
244792
921897
816198
622443
402340
81875
179344
5357
482653
1025428
214852
160188
754852
960584
606381
436403
617784
38552
301335
456803
722851
761914
739747
863335
121270
144630
509504
123496
206642
1045659
267002
985281
191547
185835
1004041
84149
969660
851556
178188
603708
302570
82749
1047221
647033
870387
349673
20784
960458
756224
991377
124750
535507
112388
567900
714056
695062
681182
821844
822688
693094
760127
204844
675857
872053
126229
64153
14114
813629
860343
962295
824759
67507
377231
547338
607009
687407
208591
942449
689530
421208
71959
822193
647434
169662
690733
423999
869273
206218
54118
352024
825564
129917
764007
797401
644964
284766
96785
789015
143996
89127
754405
574218
601849
442548
125200
874973
258399
99140
85200
379355
1047714
761565
261549
182471
698612
124878
592225
445093
860810
307025
524076
444750
670799
401615
744386
352077
1022382
769548
983480
744512
980159
65099
77716
219216
198319
309585
686763
157158
157616
261338
949
938071
456339
225297
215769
947180
151421
413487
489380
1022844
638999
236957
779745
390231
729347
196864
926279
272834
47074
1033540
487076
712044
84391
391767
1016328
357074
812455
810631
853639
769992
214348
982352
557279
73239
599588
413590
774061
811639
990819
660943
1027002
220931
991342
985857
446107
658824
612851
937659
24025
104793
562014
921927
613984
546972
23670
42146
86170
796927
607674
46019
440967
42529
188992
504776
117949
268218
54968
715783
816155
872373
65740
415646
496891
402130
1277
887900
920493
746337
471637
68059
897740
1036035
652237
393604
38947
623024
673875
546115
217587
706769
975230
824518
950057
726788
271891
663780
69671
634800
690209
880598
953854
452159
972534
82509
1029899
815093
726193
1046999
594369
850637
248021
137725
744075
754654
618360
173868
468360
224621
858877
852303
628
951424
722325
133949
458601
142660
802410
1036713
576426
109788
175059
80203
909626
473813
714293
473970
889222
40562
576471
1045566
126540
886156
666817
280585
102157
324330
818284
30587
89935
120029
475574
87492
917977
647593
36428
557411
1042155
272750
835935
111040
224959
993647
558154
681415
624005
415796
758756
450164
471254
169363
1021804
520385
224515
933451
141380
363073
430564
994185
730834
888983
723287
375629
411721
380464
463748
662920
443322
584196
375588
157162
968329
470143
673438
614195
430667
108646
195014
233752
851459
159629
1035274
230799
401820
264520
333001
785264
174959
914583
571903
369066
988527
1020913
904232
303146
1029105
184052
345865
310142
133307
354868
475591
6144
435925
429866
413289
697382
5388
707619
582487
418820
640323
335396
904113
193707
612025
848390
1045327
240131
110680
632483
108213
613438
634075
1033382
512995
335874
913363
557810
185904
961714
988688
277703
496513
196827
248353
512152
944323
721261
836749
940217
345325
627609
606434
251298
680898
967834
356792
871762
262461
23366
234244
45862
760684
728744
373994
407868
640629
1041537
749898
347169
20980
632191
185393
500812
137288
236809
624128
211222
447777
362629
927625
350601
262002
332637
190044
274681
90643
253322
458968
919930
459908
199943
294577
125224
760246
692199
23581
88278
555516
956180
675039
487201
749973
532901
768234
1026231
861793
395175
386420
1027680
285109
802593
939872
520321
757593
817644
771485
280704
770075
91535
684288
463756
226456
370707
998931
505953
254093
679749
1040372
817672
606524
1008274
18386
739113
46427
276187
899528
29044
9654
713812
583067
685579
554004
607539
235693
794106
364900
381702
969737
799613
379454
188130
130210
286661
266716
608850
445779
142863
686683
934913
870064
653697
1045250
229755
541666
397098
576683
197885
78978
402252
702319
79731
858782
1022592
811933
140895
778713
62728
114311
485724
623486
674359
789318
626731
519906
714326
271532
220470
972994
277242
1011870
313655
688174
697738
468572
432138
108233
460871
509521
692779
108970
901580
399866
335505
839064
204330
559224
688589
638085
668196
53276
201746
260173
205178
300455
531583
615741
932683
581826
1000624
544928
1010244
383070
967371
847220
630453
751717
855916
191784
651286
973489
801855
637021
134017
295869
684857
507830
152564
953820
434137
158665
481008
272945
579779
150243
235270
714505
885895
214896
203249
902312
1017662
155521
840696
714566
320675
393863
523705
189342
1016247
61926
204185
21741
568421
132891
321429
31472
11891
880109
590190
927827
397072
478321
904694
842592
258335
769863
800559
244339
792590
266976
263007
925785
1031617
562858
581963
984426
114441
185278
247670
50408
1028720
857048
710014
544963
1033857
614142
14864
721580
139282
972633
454247
272159
893987
885849
790703
1012465
416535
670634
311282
557839
464646
554679
409911
47657
37694
761165
652103
836221
888082
810991
170506
855560
9213
122091
630980
1045066
883747
743175
945733
60774
11350
756922
491048
100210
935257
378158
278026
978056
335228
715858
631504
375242
285263
1009017
765460
207595
880721
59788
8330
850320
176669
640977
887861
919852
626135
478263
969854
867959
316236
109521
219482
393131
719225
418981
347074
297788
291935
346723
1026641
369033
370639
932762
429654
855381
1037693
442193
22080
512022
923963
863636
287133
397262
203247
621914
611193
443985
982871
689958
725655
380049
402659
168064
752773
701902
617240
779383
345114
641921
32039
571746
550749
630896
725769
699681
122227
614944
358614
799837
62526
359585
315863
779569
731083
368778
769926
901748
938418
169466
167658
850166
788219
946534
1042129
1011966
425846
296316
305888
722050
844517
500625
72364
441740
203514
621770
938120
186219
997309
393423
868132
213426
158011
871860
440425
44419
131233
751531
999702
419930
174830
789560
682021
880685
454140
1035720
392451
592860
532120
896685
275393
454443
474670
86809
199359
994947
456349
847689
643234
907580
267963
47409
187183
638711
244543
454646
932239
119668
400106
62873
370888
140460
511833
16176
601765
502480
422528
830417
18553
987319
548174
204287
572613
187490
628004
259414
589395
841498
307781
9697
118691
249246
915153
813104
478923
166483
827415
116116
195169
681679
781657
19438
317314
243551
653021
443304
731225
121904
261284
795969
637861
856500
178626
160775
663414
825120
88361
690959
544786
962530
803239
204506
923771
303597
71332
871477
97716
575702
223096
404247
594175
662836
90210
749623
255807
73548
87356
259702
770064
833267
454908
631820
539679
420794
48947
1037939
973639
365500
824341
3046
74789
659145
479080
635298
457671
702236
279894
580930
642642
107588
678178
538216
921567
953617
131824
972140
414281
404890
780761
473881
927276
495907
909729
676662
858837
723245
778519
759248
456513
305348
224760
705156
12069
164467
420262
51988
79958
254493
256745
464877
187997
542230
774607
176709
810492
843560
913443
1027598
78907
338467
7636
747384
875926
80678
747789
916744
946701
262986
257783
607940
451992
217167
997913
246925
763945
580485
734141
84446
796784
99137
536340
684838
83111
756679
228814
951373
697342
874898
880433
209414
226411
8885
503069
30361
439489
1033305
824965
99637
510580
1004793
361299
846688
160118
795143
1002617
2339
783445
648802
40311
910167
755346
463429
932379
88392
495725
555781
665051
129457
88015
738457
349933
782830
416227
1045224
989980
961678
431964
65733
548619
460725
575124
629120
280731
494424
1030045
758009
220827
186960
619236
671931
455346
360050
567834
44705
461621
677780
183835
122352
984900
853802
366378
91424
503983
731042
131503
760880
103242
53151
580337
396784
76574
940980
898729
1034424
1024765
673343
373404
123706
707069
424713
909548
174679
489593
462310
154943
197168
40635
402434
98968
260410
40717
878248
631727
877083
379945
793041
930937
797092
52599
610107
730937
159516
230778
641824
124233
640429
394512
64712
198513
481798
995009
85345
850010
34600
102303
751787
383378
752071
488700
595404
199310
777869
718433
235472
565503
392279
422250
875221
679058
855257
187361
707205
209141
1044222
1027735
226633
1027124
827032
609908
186407
806199
514747
291737
757814
780376
128767
792328
760260
184466
90267
668740
239417
333433
361991
1036826
360294
385862
985177
458926
664953
469841
988179
269288
645303
764644
789816
494187
935879
107922
385141
240310
998029
762540
253327
620732
718632
901074
1027085
39185
839531
801218
868865
866340
19510
81045
796668
282658
455819
760065
694108
834328
667887
760557
521989
196875
479294
792855
624585
380128
208237
791333
105540
781445
354323
467024
665333
921938
788045
747679
329805
790257
180251
187305
604732
249672
652163
91201
714336
961779
161861
744034
239686
125834
387438
882660
92822
408049
1002850
113164
288934
436479
370568
897643
857274
395813
583534
26333
522065
1021124
882782
643345
28349
296086
445675
425373
256810
7912
285545
920711
578381
392598
208165
744446
418922
668717
365822
582365
803995
851527
342102
680635
746210
258565
403329
271419
643498
200074
82268
293648
464134
701722
443334
480920
698052
98843
402235
952254
279220
1044519
693620
22875
313144
1042183
907974
552905
614744
982963
710451
723610
965928
48872
29990
861568
516824
905671
281411
936150
1041315
979720
578673
895736
891727
864902
770502
665057
647965
321683
500703
902669
1037803
797769
931829
1040619
98343
832095
445149
42262
990386
713609
836
573002
84112
200533
325563
574128
790493
889568
223357
938885
57591
572080
928646
73587
789558
692191
905249
511070
11048
92979
74267
655449
810230
293106
91825
490826
392841
933975
714734
826850
172638
257022
128568
866513
228367
454228
870539
171293
620324
886675
5383
649914
708154
179498
350830
385064
380864
269587
681935
224859
495946
206739
1018894
324165
102489
256272
531925
880687
54222
632888
341906
442260
811487
568281
932642
469444
863698
920432
108549
748421
3177
23613
755995
355813
820027
991600
529403
1029293
287144
724635
563380
237595
760526
442766
454223
551342
290636
129814
327346
814573
948235
632530
328184
800920
911069
222408
55834
930313
886626
569054
763440
865640
955388
47919
131152
726211
406855
710940
732426
315920
550895
210667
604295
452083
685567
1012947
519632
43433
88861
1019466
221519
1017275
1033758
308297
1007561
632988
760413
262688
973649
184355
748893
507483
143525
1037379
726680
361113
966702
19518
824007
1007060
503809
805755
91425
314933
975210
1035916
105601
192468
837249
785016
526977
507327
306231
16026
354230
48489
6710
903578
693182
772442
364612
106106
928026
289445
13346
944192
156935
344916
327878
579671
1043894
639022
67396
968290
989205
997503
748966
115412
656213
836860
339268
966704
974308
796889
984545
196182
976508
1027783
411220
507860
300414
91030
111320
707680
34714
1002706
581785
44484
720289
905168
82657
173140
72222
195546
791049
715593
307911
44909
728904
602221
811648
861057
136246
279306
483719
237043
636927
1025884
1035861
165356
95651
414765
354491
934422
320996
861807
41026
280101
886704
725963
221730
353298
542416
734499
184195
559172
881011
6530
916230
513104
269535
241426
58890
616838
814174
373209
205545
799742
474051
426727
553375
199981
36123
503267
171275
266296
12905
234629
82784
486437
407289
423034
437978
315880
1027164
22607
620052
938720
866420
776544
660367
484420
65743
918183
597086
178932
322238
419948
766658
123618
596959
1025845
807636
206254
86573
774944
229103
361578
818222
305109
999563
178672
853995
39496
103888
308462
900551
341413
143839
258875
755181
435378
1045840
564161
655909
126798
409907
469827
536774
532743
732669
894210
500006
175599
530272
538493
756809
1040224
719788
557558
754961
322000
495434
690472
155510
998862
161504
1001069
334999
556406
1037013
985903
421993
855626
594279
213277
117289
838029
478191
19526
432868
695610
826861
805194
615357
333798
872388
999322
571460
249702
63229
193744
783284
337596
1009266
1008786
794071
982502
467425
216858
167037
392197
649035
77676
322278
968250
591654
644719
855144
769719
335297
920544
417046
652498
138017
166238
681853
850231
249465
697977
262546
982320
735023
54382
1037277
393729
693194
560466
476521
1006914
146429
405591
229617
1033454
168280
582191
189248
331814
740638
100529
354645
314409
318064
922207
441259
802304
914899
170123
775391
22093
591614
169059
740136
866502
364294
938362
887272
256745
162587
648416
96634
407163
448925
656867
437841
107456
974287
402371
656761
270142
959074
133697
800256
348453
950335
742800
878700
327240
548659
815565
383949
315850
22271
445289
816829
659028
473710
456272
663065
161972
298493
43906
911281
539824
377652
391864
45670
838699
191963
34363
29041
252081
804177
350670
528176
875978
20519
657698
646746
1029879
392646
589550
996286
751016
617043
515710
146609
286113
189406
136443
237458
1004184
854435
992504
993614
188259
631137
651763
561389
972755
257493
989468
967890
27609
608368
875013
35327
4830
323121
895611
999262
343735
288497
417178
41149
133199
202729
413897
473427
205470
882156
736929
234413
769157
108374
514852
586391
628243
976099
533374
222825
606251
858787
464466
892006
124883
753505
105232
140454
1021018
479558
11388
1003221
970802
464348
603816
886744
607601
53104
223445
268717
986167
267440
1047283
9339
114807
28929
775480
637335
792606
608117
251599
324094
905696
456830
107816
426773
983112
919961
785612
644837
470782
179782
169310
30709
55057
622555
333949
99262
123665
961950
370949
292686
394760
1040579
90661
907898
802389
1015914
578369
511086
344809
225696
851584
499973
1044305
69300
319006
1010323
663926
637137
68393
231835
899180
846655
608764
606966
52863
111133
328879
180154
43437
483313
815239
727217
283282
694018
238694
1039086
126958
1011618
208674
242359
881971
492550
198728
97497
913005
236768
726250
808970
507245
1028262
608651
600575
401116
524123
6919
525933
274000
523287
904516
78703
96140
364230
171586
175862
447505
203783
580445
926356
516699
408146
111064
451249
700766
446225
733836
713669
565209
859165
192387
849945
504008
681947
542914
818794
657225
672975
247268
677768
864795
27876
704095
941576
303402
317036
21963
1009700
1020171
671522
214333
43843
205807
517557
333050
267286
1005812
598871
216755
746220
234187
213126
47650
878807
679539
713204
579355
730934
629090
119729
605148
850720
45847
57251
380595
940587
760183
162735
556365
86737
789859
920144
807375
588587
663199
546340
365391
329323
147002
678195
968272
240636
331781
463257
4158
1024540
914485
619586
747610
739173
682724
184165
576829
265959
894572
81744
40741
718161
6735
144995
107251
298449
756702
6254
355533
981118
439609
339612
937393
976073
390406
406440
800571
93297
545650
209193
271822
550395
186437
481728
355239
523123
595704
126158
979338
629086
493446
112393
550062
88741
882249
896770
646115
736981
999661
951001
645053
124038
299552
241013
105456
231114
508584
297542
222149
595557
208866
176729
447984
580512
782206
864913
127453
194929
525928
125483
85689
528204
298940
13036
635746
992986
831984
782528
236494
359900
69225
402612
181547
691469
472734
158247
831815
74265
474215
806881
210028
917958
92388
88292
826403
396570
806942
296018
462613
511457
838466
200710
1038938
630790
736177
972182
197018
82555
172886
990439
899663
952817
513871
968838
869961
384498
516725
96964
606290
763680
96808
165770
598339
698919
116291
694732
215614
742829
529065
85457
967809
210276
1043670
907329
557284
186624
124831
278279
682467
847079
791333
303773
368019
815260
634501
168755
858727
1043111
7282
645056
672730
676101
221435
608549
698086
274421
836780
61518
351523
709919
978021
872357
379543
189641
485610
939135
843967
756477
619363
57068
883638
356931
306359
916240
905
796236
368260
606747
1041004
411080
699332
644382
442645
161608
524393
474398
521196
561512
864572
145369
38383
491001
714962
1012682
102474
900881
578947
1030409
497058
142283
327677
779982
941403
372934
851112
467463
369028
106918
446607
471492
189562
5588
717865
2060
815793
201038
911006
421951
905668
970321
328419
614223
751559
707286
1006029
828421
372931
764430
369652
863728
277100
974358
949932
697216
91408
1018564
1020315
513839
513931
667621
578239
682076
491005
90452
6788
933021
85253
814686
455062
369938
744706
419473
668574
776756
675997
792496
294269
195419
615661
443535
172686
730807
654443
934423
183591
689605
277887
410637
248005
487749
880710
907679
1028318
337853
704561
70036
112954
287720
721658
939973
886749
203394
921600
279291
599220
585803
921918
333565
877608
1004633
42466
584412
523673
838603
499145
597311
845561
258913
134986
643826
985556
520728
698354
449969
737491
398894
4237
549355
1011520
865086
935698
515697
500274
338340
861739
176150
781385
426850
493295
288644
346011
362963
452335
614021
769134
134802
271122
533020
576077
1013264
992166
237585
542644
522503
979340
719033
866796
220536
170579
383849
483048
418782
646789
208982
904363
657165
609056
848476
493952
222249
662079
4188
268296
573280
905249
149421
856239
480001
181270
385969
409495
186186
995686
719163
693027
889638
579616
822455
622878
992832
786547
261656
1000729
962701
884440
523777
387091
862898
852360
732612
925909
189361
996884
674317
1005692
182257
624521
200509
961856
119498
992987
923645
675827
523845
314506
490275
91071
530128
967391
20161
885271
857792
144863
307622
387263
577249
951915
340496
686391
562945
80985
34186
39247
268192
30435
505689
529142
543280
696228
671777
306124
130890
594566
268277
23477
660410
643505
448953
726003
1003320
853514
38753
541530
77804
660218
56525
463182
139707
110834
451361
940663
632671
607747
1033802
410423
94222
677095
687440
707279
759725
371102
215434
468146
691324
872118
294627
931247
4073
328732
211824
150157
681965
805692
368261
965346
414607
449148
23711
952032
466652
432883
78643
158990
237102
494267
397836
809970
776406
215526
437124
1022587
273138
277040
154992
162300
656354
282966
473388
237048
659790
460480
455858
537687
961768
1036442
328683
435104
62687
798489
912995
468754
38764
924210
742364
141311
80568
696357
272699
731112
365621
251863
792688
506335
958168
734707
199456
355181
711788
40437
227486
171520
31058
67625
962690
612324
950944
707393
357439
616698
797187
568573
632132
335456
479074
481417
620747
599174
663409
716788
463549
694377
552549
87894
189116
53711
380772
456731
441894
280793
539409
367239
90665
65978
648072
39353
496441
326866
942879
564750
73065
801201
643192
3069
382984
377185
331460
696342
853584
1045282
662562
695975
5022
798417
741822
578455
284844
8424
534687
46478
894632
893462
693979
793863
999405
702575
537488
982478
816875
183266
532962
684231
921986
435554
712372
998676
867637
520545
844678
176117
844660
703113
336373
870922
761290
915274
827171
777769
260464
724846
416482
111456
823964
433538
683951
257030
671622
476540
96189
559128
550810
411210
497339
356757
1003234
737656
227911
369522
569870
692432
579137
1017337
176867
50406
290981
517002
794892
90259
52685
246951
833294
715635
512251
749813
630257
637321
255821
45714
105779
511837
648015
752594
593981
973742
452677
30967
919926
158327
6444
137882
654001
396684
33227
488746
507525
755389
811066
389660
137310
469085
892721
33621
250282
885622
1023978
307910
194619
759837
648677
729792
964125
405457
99400
364289
857839
378758
1036407
784196
929131
1016712
1014262
90612
943600
648122
491715
881684
439813
772629
824386
335853
933833
634537
344077
624325
302638
125434
507947
904022
621560
588023
479873
496425
371370
231856
19073
76537
751715
939269
465853
346016
288752
1631
433891
1039834
22449
84146
976859
835031
724025
43729
781423
859420
159861
160348
611404
84588
380626
483586
242330
463769
164136
370257
922389
1039502
202526
892159
538080
309800
453322
820348
401200
817459
144701
472054
1023047
49468
282095
705308
145929
953117
417048
375320
515505
565919
534099
855248
41198
998148
695787
927863
872576
770374
897311
567963
341073
996196
352288
425863
427021
61645
419344
956769
869666
69776
505764
592465
437891
583761
835682
830579
294058
282340
572965
587783
61725
742602
284547
895892
737712
806650
646205
258107
978143
1034110
597411
633472
896148
726125
528058
494303
832918
896931
620935
260878
397947
821684
443699
911072
635795
727246
183519
217276
225881
302769
781537
501805
725222
807602
723674
597028
114455
288299
707188
881575
419314
127575
690257
686163
491417
352088
108760
518271
436448
605913
47326
712420
233420
678288
644061
936158
761899
617024
938628
312677
747401
521627
663761
1030909
423238
759977
617468
900587
771048
762473
807461
264940
286843
496640
749993
942089
558351
181234
3797
976052
386270
459683
590182
517259
362628
634742
153156
477349
107423
458428
797886
148585
568143
780017
92417
698979
424032
795251
432320
929029
85298
858141
7980
1020300
920628
757497
46732
692253
735769
527331
844563
214519
285705
111128
65916
392476
857192
484332
414840
406742
624027
527658
729191
784079
876382
839219
552795
1017435
146368
269644
347448
959066
1007553
1045668
889003
40859
237632
112190
181007
668340
470149
833566
878270
340628
877812
994614
583176
857924
628121
240066
412839
175054
53449
381499
224331
31095
297297
884034
312285
514229
123098
1044323
879581
243678
911880
889953
454194
379782
817166
555158
902972
987089
311407
324113
813325
397112
146614
453985
642843
944351
169902
950898
609498
775554
728598
423815
626826
32366
794084
881508
643989
913484
438905
162631
847373
321341
995290
817478
979847
337403
143068
514927
622749
38078
623255
869627
946994
370077
524132
44760
688118
56203
849329
988049
398507
880829
987669
881032
834464
354329
133384
264534
861954
129051
670932
908234
375841
536775
552742
82561
158239
67192
21994
209384
1013295
674774
645131
974222
667261
454114
210496
546857
13043
762198
648000
470085
989074
803722
769570
699976
641847
387844
105538
1025834
510526
583847
1032363
378431
432884
770338
32911
603535
749873
669065
632428
829064
87421
437834
755011
613309
440713
139322
606550
460400
1000902
160250
772086
439169
390950
115030
573686
855990
905318
496893
650533
614041
613402
708426
250075
614125
177375
561710
387903
900424
178293
350742
392246
980141
45717
312093
790127
665010
6094
704773
200820
350929
369636
438439
323971
59685
534027
967296
77225
637819
672334
547944
980877
239050
548416
765748
3252
504669
800986
934339
629667
456020
432247
337604
609855
569390
775461
221526
391383
549521
193922
255880
973182
794950
1013016
368353
37562
961066
476120
154820
699174
334960
977906
79271
183655
640827
107977
973887
539699
103107
830962
63841
870867
451312
13520
264804
621536
957984
336447
988040
717720
439216
784586
700784
702963
657272
885776
572657
911717
923454
408629
177510
675915
584611
228619
684123
449546
362070
321514
85358
563440
929687
483607
1022629
163335
752570
896580
587535
149570
86466
955902
779392
966085
1026570
475836
417743
620561
250244
285252
762768
1039075
887606
393414
386465
109154
1017855
202023
403614
391668
922628
16816
821373
845064
192991
205005
324992
350503
352396
1010775
447768
593152
406081
1001996
304914
486214
452040
729376
896859
195545
619194
673287
1024069
436076
1004421
393966
21934
775145
258907
929490
940566
989737
509810
190432
952466
7957
834267
361217
404122
532343
733859
253272
879099
75033
955298
464629
565141
481296
899231
427716
992856
100874
435615
1021308
79852
245111
763188
76941
547199
991138
107553
282596
383216
616917
309287
8800
82418
600076
775667
999553
793473
864987
485941
543408
1018468
567378
147695
792371
619803
670536
212289
140104
689975
527152
165964
723540
697768
985791
77451
283040
350816
353455
1039328
618854
907787
583670
864183
343674
182286
639189
461668
210553
25167
932066
35578
394154
411036
214307
727861
237974
279777
518175
484398
373819
1005914
275574
22082
116793
284922
11407
149595
533242
529601
786549
150750
75365
331012
931187
860197
92572
179348
19868
220448
177847
740356
845814
304955
178475
26069
13960
523399
26160
950567
256581
108940
640863
304299
837286
1495
262641
462174
808913
654314
702299
233079
216238
997293
825867
72773
856236
1003691
998153
102788
783570
143043
1020593
562407
375660
165173
449454
56863
521131
28317
606858
200096
48121
887809
834588
155654
462436
864891
591431
59309
820089
216936
706438
356090
540175
235387
889699
457507
583185
973633
666136
461084
841083
171696
336184
49436
24501
318708
682050
936676
164507
622286
164243
312045
94204
353752
134654
758528
421208
1038998
631323
368054
970866
1046927
546868
902370
863441
590009
718435
688731
155900
718416
250369
447487
725825
350666
219925
742839
633092
923507
419921
466675
72551
598725
816255
274710
745799
360035
518554
941584
578008
910881
764299
425349
946426
362018
757691
285339
27503
553854
687564
963910
945054
914113
911288
104648
151263
648090
412387
23798
487280
99363
966843
163849
660470
517971
49133
851646
443747
839733
672144
1043430
407613
947224
373294
209885
493190
53571
150605
424753
279877
622316
796835
396187
238688
1013838
294110
1006824
177288
443375
258714
338572
436140
6004
914752
797683
939235
300658
477107
601028
374710
719342
702743
670270
942201
487460
638627
854778
165946
645597
68353
144219
627621
764005
848385
29024
96483
656926
644100
636482
954597
1001995
944626
605444
941897
306890
100157
520741
362433
339340
900463
903227
178138
197574
42546
739049
223919
291522
631995
897222
196845
374789
405050
159380
54130
119674
309733
811862
507499
724227
352085
448356
595642
1032171
465532
305902
641502
741807
411151
733274
347664
235500
450695
581125
354803
614532
89836
38272
718142
146600
99384
882207
758595
218891
969173
1020535
440535
375697
229882
677273
160853
158714
539594
472739
94928
598719
10595
697198
66421
23330
723234
161733
582435
544138
748771
541080
864124
563616
609228
288177
63317
188404
734886
443278
199164
648726
477173
77622
580835
491276
502159
578105
908281
123087
617321
928033
584571
401837
349880
27019
825104
889502
896377
885180
143299
240185
8956
1036369
538812
2426
674828
831957
368232
140585
381516
32133
800328
637185
92307
507007
832909
542106
47663
83871
885215
413740
340131
601188
381480
457963
447859
236848
83495
228343
130994
10698
673919
675140
472852
309799
852467
216028
976851
506458
285859
508689
738345
668868
288656
604561
190686
902066
72274
343780
1047277
1004951
787291
61996
683995
680604
543970
413393
180531
774422
337648
297574
359202
881979
797887
644838
978137
709791
171887
410681
737296
718453
125361
404173
279988
256293
1029951
791715
344987
571595
213616
339562
921339
382298
93492
392142
179598
944852
226229
924103
653545
951245
476585
288709
50924
1045867
1037916
9724
653042
253401
291768
897336
658809
111078
159028
27775
371733
759779
525422
4130
847659
898819
434439
1022218
907501
549201
506598
30892
753533
989924
491717
525438
737395
451629
464336
544234
782538
301650
355913
221872
493681
310101
265306
646701
410654
809814
555363
266384
985216
463723
593533
990795
62347
521929
198555
544757
841557
326705
488785
925918
176949
722209
497671
304653
189726
510323
1012426
870687
751889
960992
285843
1021592
139819
923682
117212
816982
214944
453077
621536
773926
341607
944746
89347
446193
373051
907306
568292
578664
397302
983254
932869
66306
894557
492158
528849
938529
649277
52788
156742
908962
582965
588800
779082
310897
628885
323249
7061
685240
1011929
809521
497053
206709
127032
363481
536003
108959
411698
919109
859702
762260
709477
760603
225053
241322
41430
88592
390616
463092
348462
258195
753699
736786
823713
1001850
935475
354257
144405
357778
229525
233766
584241
208002
981191
238264
724944
800583
154588
499365
1017791
37457
908474
161189
92039
185646
374254
343432
596086
515836
814345
31219
1016862
902023
412968
707541
947728
923922
234266
233617
522922
830887
495368
435536
86425
785534
443456
548137
758838
477763
224716
777026
738692
128943
256799
948877
4064
648185
676919
397118
949212
986249
748012
47108
1004230
334489
989501
313698
965470
1001288
306146
229218
460761
674936
780576
66167
95422
1009049
36974
1018590
1001971
456889
664558
101958
139746
741943
979459
764795
559594
1038303
196464
359860
550133
477545
220355
732820
515705
147918
638396
357503
32250
756534
515914
197204
663052
992204
702804
425045
1020580
925292
13536
652874
899450
397795
901556
300372
923437
543720
17023
736299
650837
137558
965691
246569
313674
499617
878437
758852
779732
620036
1001225
1042989
501182
236042
502711
886676
646920
724486
639735
757474
301183
18014
828137
477093
354647
654887
891400
756032
973053
510832
782318
478938
941982
238203
637846
45207
950200
104438
155891
280364
871576
1038461
936857
485957
570312
282115
22233
884652
749688
723744
348728
910897
518359
772160
458865
124415
88917
22943
792743
197852
121669
947171
757226
690082
260002
768896
719676
961462
649631
994103
238273
330851
956652
936102
305781
768446
775191
165655
745544
171200
86934
1006012
599056
551599
310090
521486
60695
548095
775608
7063
154884
555281
1030465
204409
151630
1038900
618105
255070
97279
15304
105133
549838
154783
321975
274169
525403
829036
928286
702185
563290
1043243
248281
668161
122915
412667
859391
902750
218289
371232
931045
853601
403161
642786
468825
890581
77064
426088
992546
547961
561670
359532
387338
508177
189142
980392
329279
839014
861597
736787
537029
496062
377066
259929
393277
1018891
592005
324649
877867
557273
251
620526
887945
550481
975560
627935
819605
687799
898109
653997
1013281
969575
969392
535474
548205
684980
977709
1019436
295461
87218
1017697
578793
738091
5586
461571
759085
989957
868169
203895
191813
213174
190494
1001656
723994
724520
38788
479661
499963
18915
6831
437423
769100
1028586
114971
415961
224658
445022
114833
349834
834064
348874
873242
607107
340197
370209
696967
218718
689578
615222
902401
815160
901105
471161
740605
481255
842479
67763
83253
417
858031
382400
608394
427175
65569
364861
686337
599318
985366
132432
117782
190655
610669
523474
181194
664979
625171
294425
97746
839486
943140
1007594
372413
374261
446056
100217
333560
734905
285475
603161
3135
279001
922631
471338
381676
794103
580746
1010021
900665
347906
383090
7225
921505
550632
999591
909848
896632
975339
441553
711664
373036
463430
874377
686495
706808
187943
640951
964677
827208
711284
587754
461379
71813
943688
823278
406330
1016670
803888
423987
457334
789815
574453
981593
1017452
261859
42266
948373
628749
697801
374427
524156
214760
574725
1017607
321742
122040
1005495
273289
397042
543598
214839
170023
78161
539917
239184
695591
505094
35818
240610
35951
137200
898685
482551
15121
364785
629669
741713
753063
355819
159818
449167
366226
157267
736170
225159
285363
296984
635885
199941
65112
666129
752692
978499
90559
463186
187916
504628
955481
595576
681323
1016071
133066
309629
399267
1682
915115
191120
683461
338760
326437
734974
13124
221553
712138
121670
42622
375585
944829
371552
664822
966194
1001068
438155
921617
428162
419223
415071
902979
1002980
837395
368864
407397
804289
694600
316414
654801
580413
804038
430593
344293
383110
666760
261237
493309
385668
38751
115827
683749
356469
983922
194599
271159
57400
724768
660727
167096
972856
178573
661242
6642
254221
583919
489912
298854
893603
559167
902322
130454
830591
540519
914928
128496
642103
231103
375699
257334
568576
29299
680121
614663
852588
613506
865878
562779
147465
626117
995146
132765
756694
13280
241947
860529
701038
275324
116315
982998
132601
935202
611064
297647
276692
524013
812253
835689
508724
56447
1034764
715205
233935
377691
375889
362047
320753
349555
506043
155289
421328
885480
776737
284028
553003
805372
481826
889814
752274
24830
597306
378501
287971
817377
486937
399527
146140
231716
1040224
278149
648186
760188
183165
986497
375784
904595
386056
799354
122355
277314
88172
208400
888467
741342
29485
439479
893523
28706
349423
1015464
159119
615407
347856
648053
432333
154374
832525
169738
677186
769644
57473
867746
45532
411332
671780
897093
225029
204261
196697
743167
556682
751363
837875
326713
728999
578366
203011
811919
507783
341137
252763
554956
273053
799725
864474
1025871
118209
171526
959987
416998
314479
393151
360519
411071
324111
380260
891585
956530
500617
42910
938134
822426
595193
249886
376085
664652
621928
14058
551784
498603
573456
708747
187124
295530
192515
888096
873674
747344
385272
607493
214510
445774
860691
800432
287326
90861
128893
390569
298028
959123
745499
141248
486827
755834
259415
920955
456999
871136
507738
811453
917543
756219
363183
709115
351002
614888
922981
347753
551080
648123
329549
981483
989168
357640
186378
410709
715322
437193
504963
503388
601590
901678
284612
274558
579135
40224
52093
504234
627882
127232
964749
457808
83821
557708
679290
906125
408924
681999
538121
700499
375242
515778
729230
909056
51586
134765
787437
65411
513629
995589
869212
656852
349440
292251
598267
156575
139463
989192
957247
13966
112895
58907
455236
624437
878149
1036808
835206
95528
800872
534594
680939
927541
240111
282193
611171
917572
189873
590629
718773
6814
561998
765368
240102
383518
1034919
730518
852978
467454
226588
971779
767233
896591
784210
250855
510559
35652
78262
45212
109044
882874
350092
626861
817638
605310
14256
180388
607622
580386
494113
100848
749553
427212
767953
399948
466712
604280
167226
1004999
433957
851698
1041401
528346
1028162
870535
840485
360340
918524
858854
440526
87377
140563
527061
211405
255831
446669
220278
543883
61002
239772
66539
270699
204896
722328
127023
963115
275413
827257
41957
446630
300120
572829
283580
1008334
35873
531297
853739
53536
979180
839364
910801
221801
190529
469931
580743
383924
554284
89927
715
487197
34175
633506
265207
458565
825871
614058
525220
88251
457185
1029120
740981
280932
516428
854418
787228
179833
198134
553
194076
393244
447839
178716
40203
168591
135383
242317
51902
649625
902015
1031368
906673
278729
198699
192432
708562
962108
649958
979629
118969
367087
106665
262595
876234
128571
612633
691328
297600
628124
502682
298115
55497
409965
134586
273611
954668
861990
855902
338816
199670
732094
237066
9715
283523
712246
477672
533199
44530
407052
95565
915017
340869
227617
421251
1037391
193336
518313
787150
12692
467973
577962
11369
685573
117356
742652
138936
87740
1041676
266048
903102
318759
192331
715755
322535
858061
559602
700930
472485
120157
603356
602583
309489
726089
740371
284984
215363
535644
776376
338672
275665
657740
310384
262249
654367
951463
783696
165141
89289
818182
385167
373988
707642
705883
25441
59794
990964
33623
899896
146298
21841
90082
631491
521730
393729
2948
877693
309650
801784
149795
28116
4107
229104
811215
676945
689276
636005
810214
427381
456427
772075
8014
98880
349040
217574
38099
372257
816246
69267
820696
553862
356747
58944
737156
938507
729462
764034
617193
64008
223721
425902
26919
1007682
179059
1029913
742873
122158
732737
58538
588803
164194
518185
683360
633955
545916
899311
537564
214422
1028289
1001805
54741
872469
961495
440327
966598
442393
663805
757444
667614
680061
86368
63957
753213
949882
235055
923068
1001579
469179
1021793
295212
698109
271252
898670
733954
989083
51494
510517
916975
24674
762998
796409
10083
106695
572468
261427
716226
623266
349133
973309
793769
207526
1029097
870594
199336
112897
876005
594033
348393
366102
221167
924901
1034555
194422
174978
761601
986017
923341
86727
869913
804537
303941
252239
1008384
132069
902352
183815
179296
778331
629941
302179
125075
1026150
981769
119648
544904
620331
813774
84912
907875
508810
733097
913656
556804
518825
363480
433769
773703
408581
439844
651869
800058
522160
793228
27741
670549
970
553303
1036301
246367
85312
844403
471088
831292
445172
437611
252804
724118
601280
792181
630516
367220
488275
359248
340360
913223
713842
372769
69614
432917
304615
670150
762149
945374
763918
1017895
94771
836487
390436
477111
7280
388110
337378
602535
343615
998806
158180
300925
410853
667183
216118
1026516
658108
863626
609207
988133
55211
870270
271144
337783
10620
1036527
287076
1046850
721513
835229
434096
327172
899470
595204
403553
988579
710554
650635
448589
370682
267869
347625
381697
514584
754995
359182
508179
991419
23848
49656
81760
351053
649889
192717
639232
217674
661167
1017738
717274
173401
104607
94572
801248
245630
672406
528240
585961
349239
821612
674031
250270
68152
752440
1028525
417004
976102
851760
112047
628859
893259
570428
806913
1009437
431686
728636
660100
366651
351796
1011685
684140
658175
179828
362443
517128
936780
45730
376511
671740
313032
849349
535012
724266
458869
780166
775929
39610
304829
950843
854157
281860
584450
14434
535361
80435
367764
353300
