747031454
640118969
925126766
488046952
87953478
216058045
662355206
366332357
81222537
366036583
559076557
643570743
523201245
320383999
875768367
8116252
798542659
638632048
875737956
958233940
722432631
816598144
367175867
192013946
692146310
347995787
92021427
883863623
674388966
881382736
441090251
570871707
266401243
674932670
16347921
142489651
392424180
868626701
966798543
710181739
465963914
187848061
996358128
981313060
466083884
114828362
796532507
224413444
28789723
593704640
303047126
730528098
676579519
539190758
154652094
271696065
534876771
937093701
719770008
637500545
531512267
73054158
855281477
856107266
501175476
329741599
722365365
93253529
125874110
438383609
362794665
859644584
377265731
299938522
150121389
937168664
229269400
171876347
403769991
307746285
488636060
516157370
557665192
308158726
480396982
525820630
505440761
797785499
739042540
683023155
364314125
532752332
198826763
445254798
909947899
671220576
415481286
265387955
124833512
41593148
