0
0
58185070
40310131
8904637
54646855
25146070
16316146
1965604
28639192
55050121
34224010
9856158
36967084
482607
5568666
65492821
50799094
27151196
12034462
39732389
580276
32282719
33045896
5170292
11764680
3236461
37637542
67116828
654481
19584166
36362981
4771782
42467
27439976
24805057
27595546
8270563
49979821
52377691
35079937
49177014
72229831
32962033
45859564
7784190
22428094
9725091
30268309
26164061
30925451
65536
33633211
15429171
75280594
52568702
1260371
52012111
44038224
1676861
33475818
5754046
33302613
4592580
28271329
10069616
8164393
27242371
8237524
21043685
814246
43107249
11041829
1183861
49112576
106321
7742131
35330836
73866157
27966710
4626613
34353503
2876911
13327239
4272032
2953123
22199404
48801121
55401366
7378416
15140611
20303327
16562240
11112946
6991929
3508887
60482506
46425760
54976056
2967506
16437196
16730696
44251751
2080376
24577101
44845183
1406122
5587432
51103294
80173004
53401135
560036
9689683
11463071
1910001
11069326
29746581
35891211
36480403
5288037
8762110
13639160
966270
8428444
27492600
10183156
4489176
8324926
12177060
38071960
1954431
936732
13957520
41978920
14747554
32829577
11563186
32756694
7776074
3257045
74410866
1075171
20250421
25924843
57253008
12066676
3705684
2378350
2535362
22909506
15683760
7015352
35697970
10709232
12946429
27030313
55582
53243658
20625699
12705515
50689998
11933771
95296968
72384721
18421855
26012224
35092726
9575238
4767352
18888310
3021722
53552635
3267669
7244572
28676599
6496246
19700365
26297051
2917003
83275810
53830626
7863121
65555361
3811312
16633711
56169
51266347
3743911
46327365
2842911
6498175
9401386
1825366
1375414
35998680
34330306
6150015
69004686
33714844
29890624
40015985
55431378
11892136
21610910
8888315
18160468
1040946
17265850
49386787
5047553
1682792
55256239
33567256
3858583
19852830
9197344
27255685
23171669
9595861
78651643
27866373
62221786
14576806
5728648
56591131
9992394
54015747
31819131
9959035
72837586
42026599
11202700
29046096
25190473
256
4841999
19213945
15686095
32382066
849559
400455
1190710
13578870
3712033
77319955
27053366
520282
120229
7206598
1678771
19614907
18291811
15842839
54204556
497565
39224431
50500698
16168766
15852330
1548122
4760847
28581882
49607422
16209598
25915334
6246356
618673
38803069
52278697
6435581
7070077
544077
2755954
78219451
6549104
66910384
11244679
68155921
2178326
18898171
28334496
25127596
14322726
5206972
23977371
71416796
31612207
22918585
80152381
32670921
25436959
8270370
2039046
44036682
17885526
4998764
83144395
56720887
7650941
20368006
1853275
3665964
9130151
6073155
2767951
38028797
8484781
256
37770743
994097
23706985
1480306
22387968
18831686
84626410
3124225
65612744
44408796
22044940
20425136
27558633
5373337
8332228
20108481
18824386
32867668
29014486
51437101
863818
2284216
7339724
14417446
70139846
24577456
1422322
7149580
5072929
7995271
4348402
37844611
15543501
15507453
71734741
20295601
2492263
610746
31711720
44202820
122593
13104031
8058916
13475782
43271206
15404431
4103971
63575500
6765890
15395764
5985191
53885898
25438032
42049615
13350139
43860440
67096536
25116704
383401
39803741
27686103
12054396
27351228
554754
46463209
8110151
13503066
25592800
32252696
28366780
12924624
42871459
7041655
13389190
13274776
2003899
42328914
4462705
28242596
41014545
3548755
8650470
8424340
5417785
22636047
724129
25198525
11049339
4172666
1568375
68977892
1271351
16256146
64708978
3473860
546251
13822043
11521876
5997682
17660098
38672578
4462078
75810975
3289863
33799448
28084801
5407805
27950666
27320668
7826326
40258197
20970988
9191038
24847566
8667760
2569831
44260940
81720347
5458054
18768805
18611919
1299040
9656131
28330281
51308177
16535476
64348423
23626859
16548943
3384820
1313863
9372591
34157707
1828370
77657104
7904719
2244778
40977787
9447448
11051266
22848992
67551050
4163765
480641
14488135
11828959
59013664
2071071
4922836
1813616
649421
8206006
10427533
58375859
27318151
1681969
4422462
85062596
42568246
32511034
14371396
83591459
2784164
28491604
13729009
42742317
71187736
8350081
71035366
29445313
23316028
14499371
31772867
819806
29104642
43949143
4010571
3341779
13648324
96421390
56948791
58558878
18261026
20564716
45746962
305631
310526
20560258
37445066
22810330
31152386
69024601
24030991
11496895
30735674
86733695
5492425
44581098
529479
33389746
446783
53151242
11978521
48789751
1332270
256
12547461
1986505
9805609
23723401
7592286
18480401
61051394
2504476
42627811
32114095
14718907
59270717
58619773
62742556
14378539
77805543
4026790
4111509
2417726
48357252
1063738
6123954
55908571
7925076
11664231
10244962
35962486
66430291
1705857
27538195
4585018
29288368
69767051
29632645
49944741
54603096
2353522
65303815
4601520
7191435
33972551
16
95860867
19342096
30443346
12946334
12565636
80792076
9446393
58241585
37394541
29963728
8522616
1183153
60936880
22325668
55047391
9903286
10202274
28517281
25133578
1815437
8042352
10590149
17082412
24344188
23265320
10321562
5806032
2335543
31615979
19984812
726415
191659
7611891
11423916
23999175
2598451
58525850
11016448
8662296
33372721
30909937
28098142
42124660
41515171
33731044
20100404
9834277
2160117
60991277
46408871
47537280
20381293
16809084
31952176
47925891
31189111
1497076
26396816
32919566
21161796
16941671
24951607
31578971
4379728
39427213
46043959
53507860
1123318
38492415
35989324
20449511
49538428
73516699
52495184
13015471
511746
62879506
18363214
69379
16606149
28206124
87916126
12823924
52324609
73618800
65750323
22517071
1463566
3354780
57817796
22554499
43741491
43807631
21675031
1962787
19184496
23825887
4958947
15885435
3550602
1768701
46586385
48262357
12437226
4225603
55762177
3976496
12230800
3475686
27033844
2925830
6246971
33581698
11398781
13442632
11427046
1930261
270985
5494425
12356285
6170656
54139936
38316833
8355959
25687255
5576241
20133034
60135142
766378
35864370
75755626
17597451
51505767
3476246
9761681
37217434
30678965
27057676
17714332
11700599
5318555
17357931
45275461
40625638
282456
21250034
4958813
31441912
31880060
13361868
701098
8420014
27848048
11962711
81613330
3472655
39861147
83246343
68056661
25345538
91517405
485161
2053500
63457
8401773
13404062
35124772
16941688
9064850
38839477
12513463
2192711
8231968
4616256
30319141
7818080
5786169
82930514
66486471
16635172
1357638
14527007
1361364
16583881
730640
25333623
8909581
78851461
28393561
6822495
7682843
3027812
1201684
10088430
9149336
43861498
42802757
4023870
51278575
2657290
51957810
57098579
55580837
2580423
28364489
58747598
48210611
49911151
61977481
26945389
48566210
1673759
3388359
6244501
19528411
35966323
6656713
4720451
31583498
36947212
15070246
47301118
1590199
30418264
14915955
29098871
50145716
59188879
50674687
1550826
9959360
60212423
2523082
482522
35066448
7778558
3113058
35726163
53212929
4473
39033607
65401705
1274197
14214281
9656936
9541086
84983371
16488846
54580495
11449584
16521518
14443666
62259976
19044886
12136739
39434996
113173
10001995
60551923
43844065
990742
34611307
60010816
69325111
15121381
17927266
73063748
70282695
19724290
10232517
6157151
16766875
1950763
74184063
7924648
40070170
45042727
4476952
28091134
11034235
34360970
2327364
68476660
1157586
16253305
14800030
48596190
750376
25839844
4338451
43446859
591034
54404030
26822662
525361
6474006
58680736
64622221
13466936
10895121
541276
17868739
18004585
22342253
56017054
83999449
4649416
2635573
30689666
448897
60146729
273683
26633329
3090243
1651633
29061745
83300519
35524849
515776
20229211
406661
3698936
14559447
19913616
1699681
4166026
34082703
1003984
38474898
6448936
1435946
62719881
18828817
21125843
56041488
13022662
1687638
31078755
7419725
12340202
3709282
72099248
54527058
24199717
12162367
7456863
81650032
55537278
53725193
83620975
53289057
61853268
43220725
5583968
261683
9668683
42118666
24629284
8000491
25202446
1024739
47978095
4717794
14684857
6437564
36622522
10969708
7268251
26489724
1318349
15412126
50308791
3862156
12807889
4933465
22760615
5046409
50046887
26178463
12627675
28608748
53265358
12761068
41095972
31850890
2849680
18738898
1530256
26605336
16629838
19739491
35165596
60107411
2113968
364498
14238814
3709276
26314276
37461044
25568617
72776199
31126826
7742123
17231857
2407778
8669632
24384187
77513247
2300946
44520251
16791706
81654006
7602983
17045206
43539373
5319892
45209284
68198737
6239475
6499
21758107
2251708
6372181
39885931
5232841
35051461
52643957
22429716
53666369
46570139
3069950
1092016
18337641
35045875
6581423
1631644
20729442
83685412
4999626
62862907
295612
421756
14018012
50402086
